2025-09-05 02:43:44,363 - __main__ - INFO - Загружено 5 номинантов для номинации 'ШИП ГОДА'
2025-09-05 02:49:21,058 - __main__ - INFO - Загружено 5 номинантов для номинации 'ШИП ГОДА'
2025-09-05 02:51:27,413 - __main__ - INFO - Загружено 5 номинантов для номинации 'ШИП ГОДА'
2025-09-05 02:53:01,952 - __main__ - INFO - Загружено 5 номинантов для номинации 'ШИП ГОДА'
2025-09-05 02:54:10,643 - __main__ - INFO - Загружено 5 номинантов для номинации 'ШИП ГОДА'
2025-09-05 02:55:26,652 - __main__ - INFO - Загружено 5 номинантов для номинации 'ШИП ГОДА'
2025-09-05 02:56:38,560 - __main__ - INFO - Загружено 5 номинантов для номинации 'ШИП ГОДА'
2025-09-05 03:33:25,696 - __main__ - INFO - Загружено 5 номинантов для номинации 'ШИП ГОДА'
2025-09-05 03:36:39,110 - __main__ - INFO - Успешный голос: undergr0undp в номинации ШИП ГОДА
2025-09-05 03:36:39,115 - __main__ - INFO - Обнаружен существующий голос: nomination=ШИП ГОДА, user=1153739154
2025-09-05 03:37:16,581 - __main__ - INFO - Получен запрос на регистрацию: {'telegram_id': 6681400114, 'username': 'whydoyoualive', 'first_name': '.', 'last_name': ''}
2025-09-05 03:38:12,760 - __main__ - INFO - Получен запрос на регистрацию: {'telegram_id': 6681400114, 'username': 'whydoyoualive', 'first_name': '.', 'last_name': ''}
2025-09-05 03:39:56,234 - __main__ - INFO - Загружено 5 номинантов для номинации 'ШИП ГОДА'
2025-09-05 03:41:57,184 - __main__ - INFO - Успешный голос: undergr0undp в номинации ШИП ГОДА
2025-09-05 03:41:57,191 - __main__ - INFO - Обнаружен существующий голос: nomination=ШИП ГОДА, user=1153739154
2025-09-05 03:42:27,435 - __main__ - INFO - Получен запрос на регистрацию: {'telegram_id': 6681400114, 'username': 'whydoyoualive', 'first_name': '.', 'last_name': ''}
2025-09-05 03:42:46,384 - __main__ - INFO - Получен запрос на регистрацию: {'telegram_id': 6681400114, 'username': 'whydoyoualive', 'first_name': '.', 'last_name': ''}
2025-09-05 22:02:01,445 - __main__ - INFO - Загружено 5 номинантов для номинации 'ШИП ГОДА'
2025-09-05 22:05:03,504 - __main__ - INFO - Получен запрос на регистрацию: {'telegram_id': 6681400114, 'username': 'whydoyoualive', 'first_name': '.', 'last_name': ''}
2025-09-05 22:05:10,749 - __main__ - INFO - Получен запрос на регистрацию: {'telegram_id': 6681400114, 'username': 'whydoyoualive', 'first_name': '.', 'last_name': ''}
2025-09-06 04:05:36,107 - __main__ - INFO - Загружено 5 номинантов для номинации 'ШИП ГОДА'
2025-09-06 04:05:55,723 - __main__ - INFO - Загружено 5 номинантов для номинации 'ШИП ГОДА'
2025-09-06 04:08:33,322 - __main__ - INFO - Получен запрос на регистрацию: {'telegram_id': 6681400114, 'username': 'whydoyoualive', 'first_name': '.', 'last_name': ''}
2025-09-06 04:08:52,819 - __main__ - INFO - Получен запрос на регистрацию: {'telegram_id': 6681400114, 'username': 'whydoyoualive', 'first_name': '.', 'last_name': ''}
2025-09-06 04:26:14,834 - __main__ - INFO - Загружено 5 номинантов для номинации 'ШИП ГОДА'
2025-09-06 04:27:33,736 - __main__ - ERROR - Ошибка при логировании действия администратора: database is locked
2025-09-06 04:27:33,744 - __main__ - INFO - Добавлен новый администратор по паролю: undergr0undp
2025-09-06 04:29:18,269 - __main__ - INFO - Получен запрос на регистрацию: {'telegram_id': 6681400114, 'username': 'whydoyoualive', 'first_name': '.', 'last_name': ''}
2025-09-06 04:29:44,352 - __main__ - INFO - Успешный кастомный голос: whydoyoualive в номинации ШИП ГОДА
2025-09-06 04:29:44,359 - __main__ - INFO - Обнаружен существующий голос: nomination=ШИП ГОДА, user=6681400114
2025-09-06 04:34:28,736 - __main__ - INFO - Загружено 5 номинантов для номинации 'ШИП ГОДА'
2025-09-06 04:34:59,888 - __main__ - ERROR - Ошибка при логировании действия администратора: database is locked
2025-09-06 04:34:59,892 - __main__ - INFO - Добавлен новый администратор по паролю: undergr0undp
2025-09-06 04:35:31,212 - __main__ - INFO - Получен запрос на регистрацию: {'telegram_id': 6681400114, 'username': 'whydoyoualive', 'first_name': '.', 'last_name': ''}
2025-09-06 04:35:41,027 - __main__ - INFO - Успешный голос: whydoyoualive в номинации ШИП ГОДА
2025-09-06 04:35:41,032 - __main__ - INFO - Обнаружен существующий голос: nomination=ШИП ГОДА, user=6681400114
2025-09-06 04:37:13,661 - __main__ - INFO - Загружено 5 номинантов для номинации 'ШИП ГОДА'
2025-09-06 04:38:32,746 - __main__ - INFO - Получен запрос на регистрацию: {'telegram_id': 6681400114, 'username': 'whydoyoualive', 'first_name': '.', 'last_name': ''}
2025-09-06 04:38:35,655 - __main__ - INFO - Успешное переголосование: whydoyoualive в номинации ШИП ГОДА
2025-09-06 04:38:35,686 - __main__ - INFO - Успешное переголосование: whydoyoualive в номинации ШИП ГОДА
2025-09-06 04:38:46,290 - __main__ - INFO - Успешное кастомное переголосование: whydoyoualive в номинации ШИП ГОДА
2025-09-06 04:38:46,321 - __main__ - INFO - Успешное кастомное переголосование: whydoyoualive в номинации ШИП ГОДА
2025-09-06 05:03:33,719 - __main__ - INFO - Загружено 5 номинантов для номинации 'ШИП ГОДА'
2025-09-06 05:07:19,249 - __main__ - INFO - Получен запрос на регистрацию: {'telegram_id': 6681400114, 'username': 'whydoyoualive', 'first_name': '.', 'last_name': ''}
2025-09-06 05:13:14,520 - __main__ - INFO - Загружено 5 номинантов для номинации 'ШИП ГОДА'
